This is pdfTeX, Version 3.14159265-2.6-1.40.19 (TeX Live 2018/W32TeX) (preloaded format=pdflatex 2018.11.8)  20 NOV 2018 10:47
entering extended mode
 restricted \write18 enabled.
 %&-line parsing enabled.
**NNsInSWT.tex
(./NNsInSWT.tex
LaTeX2e <2018-04-01> patch level 5
\@input{Header/header.aux}
\openout2 = `Header/header.aux'.

(./Header/header.tex (c:/texlive/2018/texmf-dist/tex/latex/base/article.cls
Document Class: article 2014/09/29 v1.4h Standard LaTeX document class
(c:/texlive/2018/texmf-dist/tex/latex/base/size12.clo
File: size12.clo 2014/09/29 v1.4h Standard LaTeX file (size option)
)
\c@part=\count80
\c@section=\count81
\c@subsection=\count82
\c@subsubsection=\count83
\c@paragraph=\count84
\c@subparagraph=\count85
\c@figure=\count86
\c@table=\count87
\abovecaptionskip=\skip41
\belowcaptionskip=\skip42
\bibindent=\dimen102
)
(c:/texlive/2018/texmf-dist/tex/latex/graphics/graphicx.sty
Package: graphicx 2017/06/01 v1.1a Enhanced LaTeX Graphics (DPC,SPQR)

(c:/texlive/2018/texmf-dist/tex/latex/graphics/keyval.sty
Package: keyval 2014/10/28 v1.15 key=value parser (DPC)
\KV@toks@=\toks14
)
(c:/texlive/2018/texmf-dist/tex/latex/graphics/graphics.sty
Package: graphics 2017/06/25 v1.2c Standard LaTeX Graphics (DPC,SPQR)

(c:/texlive/2018/texmf-dist/tex/latex/graphics/trig.sty
Package: trig 2016/01/03 v1.10 sin cos tan (DPC)
)
(c:/texlive/2018/texmf-dist/tex/latex/graphics-cfg/graphics.cfg
File: graphics.cfg 2016/06/04 v1.11 sample graphics configuration
)
Package graphics Info: Driver file: pdftex.def on input line 99.

(c:/texlive/2018/texmf-dist/tex/latex/graphics-def/pdftex.def
File: pdftex.def 2018/01/08 v1.0l Graphics/color driver for pdftex
))
\Gin@req@height=\dimen103
\Gin@req@width=\dimen104
)
(c:/texlive/2018/texmf-dist/tex/latex/tools/verbatim.sty
Package: verbatim 2014/10/28 v1.5q LaTeX2e package for verbatim enhancements
\every@verbatim=\toks15
\verbatim@line=\toks16
\verbatim@in@stream=\read1
)
(c:/texlive/2018/texmf-dist/tex/latex/nowidow/nowidow.sty
Package: nowidow 2011/09/20 1.0 Easily prevent widows and orphans
Package: nowidow 

(c:/texlive/2018/texmf-dist/tex/latex/oberdiek/kvoptions.sty
Package: kvoptions 2016/05/16 v3.12 Key value format for package options (HO)

(c:/texlive/2018/texmf-dist/tex/generic/oberdiek/ltxcmds.sty
Package: ltxcmds 2016/05/16 v1.23 LaTeX kernel commands for general use (HO)
)
(c:/texlive/2018/texmf-dist/tex/generic/oberdiek/kvsetkeys.sty
Package: kvsetkeys 2016/05/16 v1.17 Key value parser (HO)

(c:/texlive/2018/texmf-dist/tex/generic/oberdiek/infwarerr.sty
Package: infwarerr 2016/05/16 v1.4 Providing info/warning/error messages (HO)
)
(c:/texlive/2018/texmf-dist/tex/generic/oberdiek/etexcmds.sty
Package: etexcmds 2016/05/16 v1.6 Avoid name clashes with e-TeX commands (HO)

(c:/texlive/2018/texmf-dist/tex/generic/oberdiek/ifluatex.sty
Package: ifluatex 2016/05/16 v1.4 Provides the ifluatex switch (HO)
Package ifluatex Info: LuaTeX not detected.
)
Package etexcmds Info: Could not find \expanded.
(etexcmds)             That can mean that you are not using pdfTeX 1.50 or
(etexcmds)             that some package has redefined \expanded.
(etexcmds)             In the latter case, load this package earlier.
)))))
(./NNsInSWT.aux (./Kapitel/Deckblatt/deckblatt.aux)
(./Kapitel/Abstract/abstract.aux))
\openout1 = `NNsInSWT.aux'.

LaTeX Font Info:    Checking defaults for OML/cmm/m/it on input line 4.
LaTeX Font Info:    ... okay on input line 4.
LaTeX Font Info:    Checking defaults for T1/cmr/m/n on input line 4.
LaTeX Font Info:    ... okay on input line 4.
LaTeX Font Info:    Checking defaults for OT1/cmr/m/n on input line 4.
LaTeX Font Info:    ... okay on input line 4.
LaTeX Font Info:    Checking defaults for OMS/cmsy/m/n on input line 4.
LaTeX Font Info:    ... okay on input line 4.
LaTeX Font Info:    Checking defaults for OMX/cmex/m/n on input line 4.
LaTeX Font Info:    ... okay on input line 4.
LaTeX Font Info:    Checking defaults for U/cmr/m/n on input line 4.
LaTeX Font Info:    ... okay on input line 4.

(c:/texlive/2018/texmf-dist/tex/context/base/mkii/supp-pdf.mkii
[Loading MPS to PDF converter (version 2006.09.02).]
\scratchcounter=\count88
\scratchdimen=\dimen105
\scratchbox=\box26
\nofMPsegments=\count89
\nofMParguments=\count90
\everyMPshowfont=\toks17
\MPscratchCnt=\count91
\MPscratchDim=\dimen106
\MPnumerator=\count92
\makeMPintoPDFobject=\count93
\everyMPtoPDFconversion=\toks18
) (c:/texlive/2018/texmf-dist/tex/latex/oberdiek/epstopdf-base.sty
Package: epstopdf-base 2016/05/15 v2.6 Base part for package epstopdf

(c:/texlive/2018/texmf-dist/tex/latex/oberdiek/grfext.sty
Package: grfext 2016/05/16 v1.2 Manage graphics extensions (HO)

(c:/texlive/2018/texmf-dist/tex/generic/oberdiek/kvdefinekeys.sty
Package: kvdefinekeys 2016/05/16 v1.4 Define keys (HO)
))
(c:/texlive/2018/texmf-dist/tex/generic/oberdiek/pdftexcmds.sty
Package: pdftexcmds 2018/09/10 v0.29 Utility functions of pdfTeX for LuaTeX (HO
)

(c:/texlive/2018/texmf-dist/tex/generic/oberdiek/ifpdf.sty
Package: ifpdf 2018/09/07 v3.3 Provides the ifpdf switch
)
Package pdftexcmds Info: LuaTeX not detected.
Package pdftexcmds Info: \pdf@primitive is available.
Package pdftexcmds Info: \pdf@ifprimitive is available.
Package pdftexcmds Info: \pdfdraftmode found.
)
Package epstopdf-base Info: Redefining graphics rule for `.eps' on input line 4
38.
Package grfext Info: Graphics extension search list:
(grfext)             [.pdf,.png,.jpg,.mps,.jpeg,.jbig2,.jb2,.PDF,.PNG,.JPG,.JPE
G,.JBIG2,.JB2,.eps]
(grfext)             \AppendGraphicsExtensions on input line 456.

(c:/texlive/2018/texmf-dist/tex/latex/latexconfig/epstopdf-sys.cfg
File: epstopdf-sys.cfg 2010/07/13 v1.3 Configuration of (r)epstopdf for TeX Liv
e
))
\openout2 = `Kapitel/Deckblatt/deckblatt.aux'.


(./Kapitel/Deckblatt/deckblatt.tex
<Bilder/Deckblatt/UniversityLogo.png, id=1, 115.43124pt x 48.18pt>
File: Bilder/Deckblatt/UniversityLogo.png Graphic file (type png)
<use Bilder/Deckblatt/UniversityLogo.png>
Package pdftex.def Info: Bilder/Deckblatt/UniversityLogo.png  used on input lin
e 8.
(pdftex.def)             Requested size: 91.04915pt x 38.00294pt.
LaTeX Font Info:    External font `cmex10' loaded for size
(Font)              <12> on input line 9.
LaTeX Font Info:    External font `cmex10' loaded for size
(Font)              <8> on input line 9.
LaTeX Font Info:    External font `cmex10' loaded for size
(Font)              <6> on input line 9.
<Bilder/Deckblatt/CompanyLogo.jpg, id=2, 240.9pt x 65.24374pt>
File: Bilder/Deckblatt/CompanyLogo.jpg Graphic file (type jpg)
<use Bilder/Deckblatt/CompanyLogo.jpg>
Package pdftex.def Info: Bilder/Deckblatt/CompanyLogo.jpg  used on input line 1
3.
(pdftex.def)             Requested size: 170.71652pt x 46.23676pt.

Overfull \hbox (14.31487pt too wide) in paragraph at lines 62--62
 []\OT1/cmr/m/n/12 konstantin[]nils.rosenberg 
 []


Overfull \hbox (1.12889pt too wide) in paragraph at lines 68--68
 []\OT1/cmr/m/n/12 robin[]connor.schramm 
 []

[1




{c:/texlive/2018/texmf-var/fonts/map/pdftex/updmap/pdftex.map} <./Bilder/Deckbl
att/UniversityLogo.png (PNG copy)> <./Bilder/Deckblatt/CompanyLogo.jpg>])
\openout2 = `Kapitel/Abstract/abstract.aux'.


(./Kapitel/Abstract/abstract.tex) [1


] (./NNsInSWT.toc)
\tf@toc=\write3
\openout3 = `NNsInSWT.toc'.


(./Kapitel/Einleitung/Einleitung.tex) [2

] [3]
(./Kapitel/PatternRecognition/patternRecognition.tex)
(./Kapitel/SpeechRecognition/speechrecognition.tex
Overfull \hbox (0.77382pt too wide) in paragraph at lines 2--3
\OT1/cmr/m/n/12 Speech recog-ni-tion, auch au-to-matic speech recog-ni-tion (AS
R) genannt, macht
 []


Underfull \hbox (badness 10000) in paragraph at lines 2--3

 []


Underfull \hbox (badness 10000) in paragraph at lines 5--8

 []


Overfull \hbox (13.12508pt too wide) in paragraph at lines 5--8
\OT1/cmr/m/n/12 ment wird das CNN so trainiert, dass es die HMM-Verteilungswahr
scheinlichkeit
 []

[4] [5]) (./Kapitel/EmotionRecognition/emotionrecognition.tex
Overfull \hbox (0.50984pt too wide) in paragraph at lines 2--7
\OT1/cmr/m/n/12 Emo-tion recog-ni-tion findet aber auch An-wen-dung in Verbindu
ng mit Sprache,
 []


Underfull \hbox (badness 10000) in paragraph at lines 2--7

 []

[6]
Underfull \hbox (badness 10000) in paragraph at lines 8--12

 []

[7]) (./Kapitel/PatternRecognition/conclusion.tex)
(./Kapitel/costEffortEstimation/costEffortEstimationSections.tex
Overfull \hbox (10.68584pt too wide) in paragraph at lines 1--1
[]\OT1/cmr/bx/n/17.28 Cost and ef-fort es-ti-ma-tion (Robin Schramm) 
 []


Overfull \hbox (0.79271pt too wide) in paragraph at lines 2--5
\OT1/cmr/m/n/12 kom-merziell genutzt wodurch sich neue Arten von Kun-den bilde-
ten. Darunter
 []

[8] [9]
Overfull \hbox (1.35844pt too wide) in paragraph at lines 21--22
\OT1/cmr/m/n/12 lende Ergeb-nisse liefern, m^^?ussen die Train-ings-daten passe
nd gew^^?ahlt sein.NNs
 []

[10]) [11] (./Kapitel/SoftwareQuality/SoftwareQuality.tex
Overfull \hbox (6.55931pt too wide) in paragraph at lines 2--11
\OT1/cmr/m/n/12 Ver-fahren, um die genan-nten Ma^^Y-nah-men mit NN's umzuset-ze
n. Ab-schlie^^Yend
 []


Underfull \hbox (badness 10000) in paragraph at lines 13--18

 []

[12] [13]
Overfull \hbox (10.00845pt too wide) in paragraph at lines 28--30
\OT1/cmr/m/n/12 Durch eine Vorher-sage der SQ k^^?onnen De-fizite fr^^?uhzeitig
 erkannt und verbessert
 []

) (./Kapitel/Resumee/conclusion.tex) [14] (./NNsInSWT.bbl
Underfull \hbox (badness 10000) in paragraph at lines 18--21
[]\OT1/cmr/m/n/12 Vydana, H.K., Vup-pala, A.K.: Resid-ual neu-ral net-works
 []


Underfull \hbox (badness 10000) in paragraph at lines 18--21
\OT1/cmr/m/n/12 for speech recog-ni-tion. 25th Eu-ro-pean Sig-nal Pro-cess-ing
 []


Underfull \hbox (badness 10000) in paragraph at lines 18--21
\OT1/cmr/m/n/12 Con-fer-ence, EU-SIPCO 2017 \OT1/cmr/bx/n/12 2017-Janua\OT1/cmr
/m/n/12 , 543--547 (2017).
 []

[15]
Underfull \hbox (badness 4378) in paragraph at lines 29--32
[]\OT1/cmr/m/n/12 Khalifelu, Z.A., Ghare-hcho-pogh, F.S.: Com-par-i-son and eva
l-
 []


Underfull \hbox (badness 4168) in paragraph at lines 29--32
\OT1/cmr/m/n/12 u-a-tion of data min-ing tech-niques with al-go-rith-mic mod-el
s in
 []


Underfull \hbox (badness 2401) in paragraph at lines 29--32
\OT1/cmr/m/n/12 soft-ware cost es-ti-ma-tion. Pro-ce-dia Tech-nol-ogy \OT1/cmr/
bx/n/12 1\OT1/cmr/m/n/12 , 65--71 (2012).
 []


Underfull \hbox (badness 1540) in paragraph at lines 34--39
\OT1/cmr/m/n/12 sti-tu-tion of Elec-tron-ics and Telecom-mu-ni-ca-tion En-gi-ne
ers, In-dia)
 []

LaTeX Font Info:    Try loading font information for OMS+cmr on input line 42.
(c:/texlive/2018/texmf-dist/tex/latex/base/omscmr.fd
File: omscmr.fd 2014/09/29 v2.5h Standard LaTeX font definitions
)
LaTeX Font Info:    Font shape `OMS/cmr/m/n' in size <12> not available
(Font)              Font shape `OMS/cmsy/m/n' tried instead on input line 42.

Underfull \hbox (badness 10000) in paragraph at lines 41--45
[]\OT1/cmr/m/n/12 A.~K.~Jain, R.~P.~W.~Duin, J.~Mao: \OMS/cmsy/m/n/12 f\OT1/cmr
/m/n/12 S\OMS/cmsy/m/n/12 g\OT1/cmr/m/n/12 tatistical \OMS/cmsy/m/n/12 f\OT1/cm
r/m/n/12 P\OMS/cmsy/m/n/12 g\OT1/cmr/m/n/12 attern
 []


Underfull \hbox (badness 2903) in paragraph at lines 47--49
[]\OT1/cmr/m/n/12 Li Deng, D.Y.: Au-to-matic speech recog-ni-tion, vol. 9 (2015
).
 []


Underfull \hbox (badness 2443) in paragraph at lines 57--61
[]\OT1/cmr/m/n/12 Aracena, C., Baster-rech, S., Snasel, V., Ve-lasquez, J.: Neu
-
 []


Underfull \hbox (badness 2781) in paragraph at lines 57--61
\OT1/cmr/m/n/12 ral Net-works for Emo-tion Recog-ni-tion Based on Eye Track-ing

 []


Underfull \hbox (badness 1603) in paragraph at lines 57--61
\OT1/cmr/m/n/12 tems, Man, and Cy-ber-net-ics, SMC 2015 pp. 2632--2637 (2016).
 []


Underfull \hbox (badness 2150) in paragraph at lines 70--73
[]\OT1/cmr/m/n/12 Huang, C.: Com-bin-ing con-vo-lu-tional neu-ral net-works for
 emo-
 []


Underfull \hbox (badness 10000) in paragraph at lines 70--73
\OT1/cmr/m/n/12 tion recog-ni-tion. 2017 IEEE MIT Un-der-grad-u-ate Re-search
 []


Underfull \hbox (badness 2165) in paragraph at lines 70--73
\OT1/cmr/m/n/12 Tech-nol-ogy Con-fer-ence, URTC 2017 \OT1/cmr/bx/n/12 2018-Janu
a\OT1/cmr/m/n/12 ,  1--4 (2018).
 []

[16]
Underfull \hbox (badness 1320) in paragraph at lines 75--79
[]\OT1/cmr/m/n/12 Awasthi, A.: Fa-cial Emo-tion Recog-ni-tion Us-ing Deep Learn
-ing.
 []


Underfull \hbox (badness 1112) in paragraph at lines 81--85
[]\OT1/cmr/m/n/12 Bajta, M.E., Idri, A., Ros, J.N., Fernandez-Aleman, J.L., Gea
,
 []


Underfull \hbox (badness 1048) in paragraph at lines 81--85
\OT1/cmr/m/n/12 proaches for global soft-ware de-vel-op-ment: a sys-tem-atic ma
p-ping
 []


Underfull \hbox (badness 1688) in paragraph at lines 81--85
\OT1/cmr/m/n/12 study. Ts-inghua Sci-ence and Tech-nol-ogy \OT1/cmr/bx/n/12 23\
OT1/cmr/m/n/12 (6), 690--714 (2018).
 []


Underfull \hbox (badness 1342) in paragraph at lines 99--102
\OT1/cmr/m/n/12 de-vel-op-ment. Soft-ware En-gi-neer-ing Jour-nal \OT1/cmr/bx/n
/12 5\OT1/cmr/m/n/12 (4), 215--221 (1990).
 []

! Missing $ inserted.
<inserted text> 
                $
l.106   \doi{10.1142/9789812389701_0014}
                                        
I've inserted a begin-math/end-math symbol since I think
you left one out. Proceed, with fingers crossed.

! Missing $ inserted.
<inserted text> 
                $
l.107 
      
I've inserted a begin-math/end-math symbol since I think
you left one out. Proceed, with fingers crossed.

! Missing } inserted.
<inserted text> 
                }
l.107 
      
I've inserted something that you may have forgotten.
(See the <inserted text> above.)
With luck, this will get me unwedged. But if you
really didn't forget anything, try typing `2' now; then
my insertion and my current dilemma will both disappear.


Underfull \hbox (badness 2556) in paragraph at lines 104--107
[]\OT1/cmr/m/n/12 Heemstra, F.J.: Soft-ware Cost Es-ti-ma-tion. Hand-book of So
ft-
 []

! Extra }, or forgotten \endgroup.
\par ...m \@noitemerr {\@@par }\fi \else {\@@par }
                                                  \fi 
l.107 
      
I've deleted a group-closing symbol because it seems to be
spurious, as in `$x}$'. But perhaps the } is legitimate and
you forgot something else, as in `\hbox{$x}'. In such cases
the way to recover is to insert both the forgotten and the
deleted material, e.g., by typing `I$}'.

[17]
Underfull \hbox (badness 1810) in paragraph at lines 147--150
[]\OT1/cmr/m/n/12 Finnie, G.R., Wit-tig, G.E.: AI tools for soft-ware de-vel-op
-ment ef-
 []


Underfull \hbox (badness 10000) in paragraph at lines 147--150
\OT1/cmr/m/n/12 fort es-ti-ma-tion. Soft-ware En-gi-neer-ing: Ed-u-ca-tion and 
Prac-tice,
 []


Underfull \hbox (badness 10000) in paragraph at lines 147--150
\OT1/cmr/m/n/12 1996. Pro-ceed-ings. In-ter-na-tional Con-fer-ence pp. 346--353
 (1996).
 []


Underfull \hbox (badness 1484) in paragraph at lines 152--156
\OT1/cmr/m/n/12 ti-ma-tion: A case study. In: 2011 In-ter-na-tional Sym-po-sium
 on In-
 []


Underfull \hbox (badness 1527) in paragraph at lines 152--156
\OT1/cmr/m/n/12 no-va-tions in In-tel-li-gent Sys-tems and Ap-pli-ca-tions. pp.
 69--73 (2011).
 []


Underfull \hbox (badness 10000) in paragraph at lines 158--161
[]\OT1/cmr/m/n/12 Franz, K.: Hand-buch zum Testen von Web- und Mobile-
 []


Underfull \hbox (badness 10000) in paragraph at lines 158--161
\OT1/cmr/m/n/12 Apps (2015). https://doi.org/10.1007/978-3-662-44028-5,
 []


Underfull \hbox (badness 7081) in paragraph at lines 163--168
[]\OT1/cmr/m/n/12 Wu, L., Liu, B., Jin, Y., Xie, X.: Us-ing back-propagation
 []


Underfull \hbox (badness 7064) in paragraph at lines 163--168
\OT1/cmr/m/n/12 neu-ral net-works for func-tional soft-ware test-ing. In: 2nd I
n-ter-
 []


Underfull \hbox (badness 4341) in paragraph at lines 163--168
\OT1/cmr/m/n/12 na-tional Con-fer-ence on Anti-counterfeiting, Se-cu-rity and I
den-ti-fi-ca-
 []


Underfull \hbox (badness 7613) in paragraph at lines 170--174
[]\OT1/cmr/m/n/12 Majma, N., Babamir, S.M.: Soft-ware test case gen-er-a-tion &

 []


Underfull \hbox (badness 4699) in paragraph at lines 170--174
\OT1/cmr/m/n/12 test or-a-cle de-sign us-ing neu-ral net-work. 22nd Ira-nian Co
n-fer-ence
 []


Underfull \hbox (badness 10000) in paragraph at lines 170--174
\OT1/cmr/m/n/12 on Elec-tri-cal En-gi-neer-ing, ICEE 2014 (Icee), 1168--1173 (2
014).
 []

[18]) [19] (./NNsInSWT.aux (./Kapitel/Deckblatt/deckblatt.aux)
(./Kapitel/Abstract/abstract.aux)) ) 
Here is how much of TeX's memory you used:
 1619 strings out of 492639
 24133 string characters out of 6133088
 91567 words of memory out of 5000000
 5447 multiletter control sequences out of 15000+600000
 8410 words of font info for 30 fonts, out of 8000000 for 9000
 1141 hyphenation exceptions out of 8191
 41i,7n,25p,2228b,331s stack positions out of 5000i,500n,10000p,200000b,80000s
<c:/texlive/2018/texmf-dist/fonts/type1/pub
lic/amsfonts/cm/cmbx12.pfb><c:/texlive/2018/texmf-dist/fonts/type1/public/amsfo
nts/cm/cmex10.pfb><c:/texlive/2018/texmf-dist/fonts/type1/public/amsfonts/cm/cm
mi12.pfb><c:/texlive/2018/texmf-dist/fonts/type1/public/amsfonts/cm/cmr12.pfb><
c:/texlive/2018/texmf-dist/fonts/type1/public/amsfonts/cm/cmr8.pfb><c:/texlive/
2018/texmf-dist/fonts/type1/public/amsfonts/cm/cmsy10.pfb><c:/texlive/2018/texm
f-dist/fonts/type1/public/amsfonts/cm/cmti12.pfb><c:/texlive/2018/texmf-dist/fo
nts/type1/public/amsfonts/cm/cmtt12.pfb>
Output written on NNsInSWT.pdf (20 pages, 149359 bytes).
PDF statistics:
 103 PDF objects out of 1000 (max. 8388607)
 70 compressed objects within 1 object stream
 0 named destinations out of 1000 (max. 500000)
 11 words of extra memory for PDF output out of 10000 (max. 10000000)

