This is pdfTeX, Version 3.14159265-2.6-1.40.19 (TeX Live 2018) (preloaded format=pdflatex 2018.10.9)  19 NOV 2018 21:50
entering extended mode
 restricted \write18 enabled.
 %&-line parsing enabled.
**Patternrecognition.tex
(./Patternrecognition.tex
LaTeX2e <2018-04-01> patch level 2
Babel <3.18> and hyphenation patterns for 84 language(s) loaded.
\@input{Header/header.aux}
\openout2 = `Header/header.aux'.

(./Header/header.tex
(/usr/local/texlive/2018/texmf-dist/tex/latex/base/article.cls
Document Class: article 2014/09/29 v1.4h Standard LaTeX document class
(/usr/local/texlive/2018/texmf-dist/tex/latex/base/size12.clo
File: size12.clo 2014/09/29 v1.4h Standard LaTeX file (size option)
)
\c@part=\count80
\c@section=\count81
\c@subsection=\count82
\c@subsubsection=\count83
\c@paragraph=\count84
\c@subparagraph=\count85
\c@figure=\count86
\c@table=\count87
\abovecaptionskip=\skip41
\belowcaptionskip=\skip42
\bibindent=\dimen102
)
(/usr/local/texlive/2018/texmf-dist/tex/latex/graphics/graphicx.sty
Package: graphicx 2017/06/01 v1.1a Enhanced LaTeX Graphics (DPC,SPQR)

(/usr/local/texlive/2018/texmf-dist/tex/latex/graphics/keyval.sty
Package: keyval 2014/10/28 v1.15 key=value parser (DPC)
\KV@toks@=\toks14
)
(/usr/local/texlive/2018/texmf-dist/tex/latex/graphics/graphics.sty
Package: graphics 2017/06/25 v1.2c Standard LaTeX Graphics (DPC,SPQR)

(/usr/local/texlive/2018/texmf-dist/tex/latex/graphics/trig.sty
Package: trig 2016/01/03 v1.10 sin cos tan (DPC)
)
(/usr/local/texlive/2018/texmf-dist/tex/latex/graphics-cfg/graphics.cfg
File: graphics.cfg 2016/06/04 v1.11 sample graphics configuration
)
Package graphics Info: Driver file: pdftex.def on input line 99.

(/usr/local/texlive/2018/texmf-dist/tex/latex/graphics-def/pdftex.def
File: pdftex.def 2018/01/08 v1.0l Graphics/color driver for pdftex
))
\Gin@req@height=\dimen103
\Gin@req@width=\dimen104
)
(/usr/local/texlive/2018/texmf-dist/tex/latex/tools/verbatim.sty
Package: verbatim 2014/10/28 v1.5q LaTeX2e package for verbatim enhancements
\every@verbatim=\toks15
\verbatim@line=\toks16
\verbatim@in@stream=\read1
))
(./Patternrecognition.aux (./Kapitel/Deckblatt/deckblatt.aux)
(./Kapitel/Abstract/abstract.aux) (./Kapitel/Definitions/Definitions.aux)
(./Kapitel/SpeechRecognition/speechrecognition.aux)
(./Kapitel/EmotionRecognition/emotionrecognition.aux)
(./Kapitel/Resumee/conclusion.aux)
(./Kapitel/costEffortEstimation/costEffortEstimationSections.aux))
\openout1 = `Patternrecognition.aux'.

LaTeX Font Info:    Checking defaults for OML/cmm/m/it on input line 4.
LaTeX Font Info:    ... okay on input line 4.
LaTeX Font Info:    Checking defaults for T1/cmr/m/n on input line 4.
LaTeX Font Info:    ... okay on input line 4.
LaTeX Font Info:    Checking defaults for OT1/cmr/m/n on input line 4.
LaTeX Font Info:    ... okay on input line 4.
LaTeX Font Info:    Checking defaults for OMS/cmsy/m/n on input line 4.
LaTeX Font Info:    ... okay on input line 4.
LaTeX Font Info:    Checking defaults for OMX/cmex/m/n on input line 4.
LaTeX Font Info:    ... okay on input line 4.
LaTeX Font Info:    Checking defaults for U/cmr/m/n on input line 4.
LaTeX Font Info:    ... okay on input line 4.

(/usr/local/texlive/2018/texmf-dist/tex/context/base/mkii/supp-pdf.mkii
[Loading MPS to PDF converter (version 2006.09.02).]
\scratchcounter=\count88
\scratchdimen=\dimen105
\scratchbox=\box26
\nofMPsegments=\count89
\nofMParguments=\count90
\everyMPshowfont=\toks17
\MPscratchCnt=\count91
\MPscratchDim=\dimen106
\MPnumerator=\count92
\makeMPintoPDFobject=\count93
\everyMPtoPDFconversion=\toks18
) (/usr/local/texlive/2018/texmf-dist/tex/latex/oberdiek/epstopdf-base.sty
Package: epstopdf-base 2016/05/15 v2.6 Base part for package epstopdf

(/usr/local/texlive/2018/texmf-dist/tex/generic/oberdiek/infwarerr.sty
Package: infwarerr 2016/05/16 v1.4 Providing info/warning/error messages (HO)
)
(/usr/local/texlive/2018/texmf-dist/tex/latex/oberdiek/grfext.sty
Package: grfext 2016/05/16 v1.2 Manage graphics extensions (HO)

(/usr/local/texlive/2018/texmf-dist/tex/generic/oberdiek/kvdefinekeys.sty
Package: kvdefinekeys 2016/05/16 v1.4 Define keys (HO)

(/usr/local/texlive/2018/texmf-dist/tex/generic/oberdiek/ltxcmds.sty
Package: ltxcmds 2016/05/16 v1.23 LaTeX kernel commands for general use (HO)
)))
(/usr/local/texlive/2018/texmf-dist/tex/latex/oberdiek/kvoptions.sty
Package: kvoptions 2016/05/16 v3.12 Key value format for package options (HO)

(/usr/local/texlive/2018/texmf-dist/tex/generic/oberdiek/kvsetkeys.sty
Package: kvsetkeys 2016/05/16 v1.17 Key value parser (HO)

(/usr/local/texlive/2018/texmf-dist/tex/generic/oberdiek/etexcmds.sty
Package: etexcmds 2016/05/16 v1.6 Avoid name clashes with e-TeX commands (HO)

(/usr/local/texlive/2018/texmf-dist/tex/generic/oberdiek/ifluatex.sty
Package: ifluatex 2016/05/16 v1.4 Provides the ifluatex switch (HO)
Package ifluatex Info: LuaTeX not detected.
)
Package etexcmds Info: Could not find \expanded.
(etexcmds)             That can mean that you are not using pdfTeX 1.50 or
(etexcmds)             that some package has redefined \expanded.
(etexcmds)             In the latter case, load this package earlier.
)))
(/usr/local/texlive/2018/texmf-dist/tex/generic/oberdiek/pdftexcmds.sty
Package: pdftexcmds 2018/01/30 v0.27 Utility functions of pdfTeX for LuaTeX (HO
)

(/usr/local/texlive/2018/texmf-dist/tex/generic/oberdiek/ifpdf.sty
Package: ifpdf 2017/03/15 v3.2 Provides the ifpdf switch
)
Package pdftexcmds Info: LuaTeX not detected.
Package pdftexcmds Info: \pdf@primitive is available.
Package pdftexcmds Info: \pdf@ifprimitive is available.
Package pdftexcmds Info: \pdfdraftmode found.
)
Package epstopdf-base Info: Redefining graphics rule for `.eps' on input line 4
38.
Package grfext Info: Graphics extension search list:
(grfext)             [.pdf,.png,.jpg,.mps,.jpeg,.jbig2,.jb2,.PDF,.PNG,.JPG,.JPE
G,.JBIG2,.JB2,.eps]
(grfext)             \AppendGraphicsExtensions on input line 456.

(/usr/local/texlive/2018/texmf-dist/tex/latex/latexconfig/epstopdf-sys.cfg
File: epstopdf-sys.cfg 2010/07/13 v1.3 Configuration of (r)epstopdf for TeX Liv
e
))
\openout2 = `Kapitel/Deckblatt/deckblatt.aux'.


(./Kapitel/Deckblatt/deckblatt.tex
<Bilder/Deckblatt/UniversityLogo.png, id=1, 115.43124pt x 48.18pt>
File: Bilder/Deckblatt/UniversityLogo.png Graphic file (type png)
<use Bilder/Deckblatt/UniversityLogo.png>
Package pdftex.def Info: Bilder/Deckblatt/UniversityLogo.png  used on input lin
e 8.
(pdftex.def)             Requested size: 91.04915pt x 38.00294pt.
LaTeX Font Info:    External font `cmex10' loaded for size
(Font)              <12> on input line 9.
LaTeX Font Info:    External font `cmex10' loaded for size
(Font)              <8> on input line 9.
LaTeX Font Info:    External font `cmex10' loaded for size
(Font)              <6> on input line 9.
<Bilder/Deckblatt/CompanyLogo.jpg, id=2, 240.9pt x 65.24374pt>
File: Bilder/Deckblatt/CompanyLogo.jpg Graphic file (type jpg)
<use Bilder/Deckblatt/CompanyLogo.jpg>
Package pdftex.def Info: Bilder/Deckblatt/CompanyLogo.jpg  used on input line 1
3.
(pdftex.def)             Requested size: 170.71652pt x 46.23676pt.

Overfull \hbox (14.31487pt too wide) in paragraph at lines 62--62
 []\OT1/cmr/m/n/12 konstantin[]nils.rosenberg 
 []


Overfull \hbox (1.12889pt too wide) in paragraph at lines 68--68
 []\OT1/cmr/m/n/12 robin[]connor.schramm 
 []

[1




{/usr/local/texlive/2018/texmf-var/fonts/map/pdftex/updmap/pdftex.map} <./Bilde
r/Deckblatt/UniversityLogo.png (PNG copy)> <./Bilder/Deckblatt/CompanyLogo.jpg>
])
\openout2 = `Kapitel/Abstract/abstract.aux'.

 (./Kapitel/Abstract/abstract.tex) [1


] (./Patternrecognition.toc)
\tf@toc=\write3
\openout3 = `Patternrecognition.toc'.

 [2

]
\openout2 = `Kapitel/Definitions/Definitions.aux'.


(./Kapitel/Definitions/Definitions.tex [3

])
Overfull \hbox (3.48666pt too wide) in paragraph at lines 17--14
\OT1/cmr/m/n/12 Fortschritt her-aus-gestellt. Mit neu-ronalen Net-zen wer-den u
.a. Muster erkannt
 []

[4] [5]
\openout2 = `Kapitel/SpeechRecognition/speechrecognition.aux'.

 (./Kapitel/SpeechRecognition/speechrecognition.tex
Overfull \hbox (0.77382pt too wide) in paragraph at lines 2--3
\OT1/cmr/m/n/12 Speech recog-ni-tion, auch au-to-matic speech recog-ni-tion (AS
R) genannt, macht
 []


Underfull \hbox (badness 10000) in paragraph at lines 2--3

 []


Underfull \hbox (badness 10000) in paragraph at lines 5--8

 []


Overfull \hbox (13.12508pt too wide) in paragraph at lines 5--8
\OT1/cmr/m/n/12 ment wird das CNN so trainiert, dass es die HMM-Verteilungswahr
scheinlichkeit
 []

[6


]) [7]
\openout2 = `Kapitel/EmotionRecognition/emotionrecognition.aux'.

 (./Kapitel/EmotionRecognition/emotionrecognition.tex
Overfull \hbox (0.50984pt too wide) in paragraph at lines 2--7
\OT1/cmr/m/n/12 Emo-tion recog-ni-tion findet aber auch An-wen-dung in Verbindu
ng mit Sprache,
 []


Underfull \hbox (badness 10000) in paragraph at lines 2--7

 []


Underfull \hbox (badness 10000) in paragraph at lines 8--12

 []

[8


]) [9]
\openout2 = `Kapitel/Resumee/conclusion.aux'.

 (./Kapitel/Resumee/conclusion.tex) [10


]
\openout2 = `Kapitel/costEffortEstimation/costEffortEstimationSections.aux'.


(./Kapitel/costEffortEstimation/costEffortEstimationSections.tex
Overfull \hbox (0.79271pt too wide) in paragraph at lines 2--5
\OT1/cmr/m/n/12 kom-merziell genutzt wodurch sich neue Arten von Kun-den bilde-
ten. Darunter
 []

[11


] [12]
Overfull \hbox (1.35844pt too wide) in paragraph at lines 21--22
\OT1/cmr/m/n/12 lende Ergeb-nisse liefern, m^^?ussen die Train-ings-daten passe
nd gew^^?ahlt sein.NNs
 []

[13]) [14] (./Patternrecognition.bbl
Underfull \hbox (badness 1320) in paragraph at lines 12--16
[]\OT1/cmr/m/n/12 Awasthi, A.: Fa-cial Emo-tion Recog-ni-tion Us-ing Deep Learn
-ing.
 []


Underfull \hbox (badness 10000) in paragraph at lines 24--27
[]\OT1/cmr/m/n/12 Vydana, H.K., Vup-pala, A.K.: Resid-ual neu-ral net-works
 []


Underfull \hbox (badness 10000) in paragraph at lines 24--27
\OT1/cmr/m/n/12 for speech recog-ni-tion. 25th Eu-ro-pean Sig-nal Pro-cess-ing
 []


Underfull \hbox (badness 10000) in paragraph at lines 24--27
\OT1/cmr/m/n/12 Con-fer-ence, EU-SIPCO 2017 \OT1/cmr/bx/n/12 2017-Janua\OT1/cmr
/m/n/12 , 543--547 (2017).
 []

LaTeX Font Info:    Try loading font information for OMS+cmr on input line 36.
(/usr/local/texlive/2018/texmf-dist/tex/latex/base/omscmr.fd
File: omscmr.fd 2014/09/29 v2.5h Standard LaTeX font definitions
)
LaTeX Font Info:    Font shape `OMS/cmr/m/n' in size <12> not available
(Font)              Font shape `OMS/cmsy/m/n' tried instead on input line 36.

Underfull \hbox (badness 10000) in paragraph at lines 35--39
[]\OT1/cmr/m/n/12 A.~K.~Jain, R.~P.~W.~Duin, J.~Mao: \OMS/cmsy/m/n/12 f\OT1/cmr
/m/n/12 S\OMS/cmsy/m/n/12 g\OT1/cmr/m/n/12 tatistical \OMS/cmsy/m/n/12 f\OT1/cm
r/m/n/12 P\OMS/cmsy/m/n/12 g\OT1/cmr/m/n/12 attern
 []


Underfull \hbox (badness 1540) in paragraph at lines 47--52
\OT1/cmr/m/n/12 sti-tu-tion of Elec-tron-ics and Telecom-mu-ni-ca-tion En-gi-ne
ers, In-dia)
 []


Underfull \hbox (badness 2443) in paragraph at lines 54--58
[]\OT1/cmr/m/n/12 Aracena, C., Baster-rech, S., Snasel, V., Ve-lasquez, J.: Neu
-
 []


Underfull \hbox (badness 2781) in paragraph at lines 54--58
\OT1/cmr/m/n/12 ral Net-works for Emo-tion Recog-ni-tion Based on Eye Track-ing

 []


Underfull \hbox (badness 1603) in paragraph at lines 54--58
\OT1/cmr/m/n/12 tems, Man, and Cy-ber-net-ics, SMC 2015 pp. 2632--2637 (2016).
 []

[15

]
Underfull \hbox (badness 2150) in paragraph at lines 67--70
[]\OT1/cmr/m/n/12 Huang, C.: Com-bin-ing con-vo-lu-tional neu-ral net-works for
 emo-
 []


Underfull \hbox (badness 10000) in paragraph at lines 67--70
\OT1/cmr/m/n/12 tion recog-ni-tion. 2017 IEEE MIT Un-der-grad-u-ate Re-search
 []


Underfull \hbox (badness 2165) in paragraph at lines 67--70
\OT1/cmr/m/n/12 Tech-nol-ogy Con-fer-ence, URTC 2017 \OT1/cmr/bx/n/12 2018-Janu
a\OT1/cmr/m/n/12 ,  1--4 (2018).
 []


Underfull \hbox (badness 1112) in paragraph at lines 72--76
[]\OT1/cmr/m/n/12 Bajta, M.E., Idri, A., Ros, J.N., Fernandez-Aleman, J.L., Gea
,
 []


Underfull \hbox (badness 1048) in paragraph at lines 72--76
\OT1/cmr/m/n/12 proaches for global soft-ware de-vel-op-ment: a sys-tem-atic ma
p-ping
 []


Underfull \hbox (badness 1688) in paragraph at lines 72--76
\OT1/cmr/m/n/12 study. Ts-inghua Sci-ence and Tech-nol-ogy \OT1/cmr/bx/n/12 23\
OT1/cmr/m/n/12 (6), 690--714 (2018).
 []


Underfull \hbox (badness 1005) in paragraph at lines 83--89
\OT1/cmr/m/n/12 Tech-niques. In: 2016 2nd In-ter-na-tional Con-fer-ence on Com-
pu-ta-
 []


Underfull \hbox (badness 2717) in paragraph at lines 83--89
\OT1/cmr/m/n/12 tional In-tel-li-gence and Net-works (CINE), Com-pu-ta-tional I
n-tel-li-
 []


Underfull \hbox (badness 1852) in paragraph at lines 83--89
\OT1/cmr/m/n/12 gence and Net-works (CINE), 2016 2nd In-ter-na-tional Con-fer-e
nce
 []


Overfull \hbox (338.10287pt too wide) in paragraph at lines 83--89
\OT1/cmtt/m/n/12 http://search.ebscohost.com/login.aspx?direct=true&db=edseee&A
N=edseee.7556814&lang=de&site=eds-live&authtype=shib 
 []


Underfull \hbox (badness 1342) in paragraph at lines 91--94
\OT1/cmr/m/n/12 de-vel-op-ment. Soft-ware En-gi-neer-ing Jour-nal \OT1/cmr/bx/n
/12 5\OT1/cmr/m/n/12 (4), 215--221 (1990).
 []

! Missing $ inserted.
<inserted text> 
                $
l.98   \doi{10.1142/9789812389701_0014}
                                       ,
I've inserted a begin-math/end-math symbol since I think
you left one out. Proceed, with fingers crossed.

! Missing $ inserted.
<inserted text> 
                $
l.100 
      
I've inserted a begin-math/end-math symbol since I think
you left one out. Proceed, with fingers crossed.

! Missing } inserted.
<inserted text> 
                }
l.100 
      
I've inserted something that you may have forgotten.
(See the <inserted text> above.)
With luck, this will get me unwedged. But if you
really didn't forget anything, try typing `2' now; then
my insertion and my current dilemma will both disappear.


Underfull \hbox (badness 2556) in paragraph at lines 96--100
[]\OT1/cmr/m/n/12 Heemstra, F.J.: Soft-ware Cost Es-ti-ma-tion. Hand-book of So
ft-
 []


Overfull \hbox (297.44489pt too wide) in paragraph at lines 96--100
\OT1/cmr/m/n/12 https://doi.org/10.1142/9789812389701$[]014\OML/cmm/m/it/12 ; [
][]$ 
 []

! Extra }, or forgotten \endgroup.
\par ...m \@noitemerr {\@@par }\fi \else {\@@par }
                                                  \fi 
l.100 
      
I've deleted a group-closing symbol because it seems to be
spurious, as in `$x}$'. But perhaps the } is legitimate and
you forgot something else, as in `\hbox{$x}'. In such cases
the way to recover is to insert both the forgotten and the
deleted material, e.g., by typing `I$}'.


Underfull \hbox (badness 2080) in paragraph at lines 102--106
[]\OT1/cmr/m/n/12 Huang, X., Ho, D., Ren, J., Capretz, L.F.: Im-prov-ing the CO
-
 []


Underfull \hbox (badness 6125) in paragraph at lines 102--106
\OT1/cmr/bx/n/12 7\OT1/cmr/m/n/12 (1), 29--40 (jan 2007). https://doi.org/10.10
16/J.ASOC.2005.06.007,
 []


Overfull \hbox (23.7252pt too wide) in paragraph at lines 102--106
\OT1/cmtt/m/n/12 https://www.sciencedirect.com/science/article/pii/S15684946050
00712 
 []

[16]
Underfull \hbox (badness 6708) in paragraph at lines 126--132
[]\OT1/cmr/m/n/12 Abrahamsson, P., Moser, R., Pedrycz, W., Sil-litti, A., Succi
,
 []


Underfull \hbox (badness 3302) in paragraph at lines 126--132
\OT1/cmr/m/n/12 G.: Ef-fort Pre-dic-tion in It-er-a-tive Soft-ware De-vel-op-me
nt Pro-cesses
 []


Underfull \hbox (badness 2359) in paragraph at lines 126--132
\OT1/cmr/m/n/12 -- In-cre-men-tal Ver-sus Global Pre-dic-tion Mod-els. In: Firs
t In-ter-na-
 []


Underfull \hbox (badness 1748) in paragraph at lines 134--138
\OT1/cmr/m/n/12 Em-pir-i-cal Case Stud-ies in Data-Starved Do-mains. Model Base
d Re-
 []


Underfull \hbox (badness 2726) in paragraph at lines 134--138
\OT1/cmr/m/n/12 quire-ments Work-shop pp. 17--24 (2001). https://doi.org/10.1.1
.19.111,
 []


Overfull \hbox (110.17525pt too wide) in paragraph at lines 134--138
\OT1/cmtt/m/n/12 http://citeseerx.ist.psu.edu/viewdoc/download?doi=10.1.1.19.11
1&rep=rep1&type=pdf 
 []


Underfull \hbox (badness 1859) in paragraph at lines 140--143
[]\OT1/cmr/m/n/12 Setyawati, B.R., Sahir-man, S., Creese, R.C.: Neu-ral Net-wor
ks for
 []


Overfull \hbox (252.20032pt too wide) in paragraph at lines 140--143
\OT1/cmtt/m/n/12 http://search.ebscohost.com/login.aspx?direct=true&db=bth&AN=7
197172&lang=de&site=eds-live&authtype=shib 
 []


Underfull \hbox (badness 10000) in paragraph at lines 145--149
[]\OT1/cmr/m/n/12 Finnie, G.R., Wit-tig, G.E.: AI tools for soft-ware de-vel-
 []


Underfull \hbox (badness 10000) in paragraph at lines 145--149
\OT1/cmr/m/n/12 op-ment ef-fort es-ti-ma-tion. Soft-ware En-gi-neer-ing: Ed-u-c
a-tion
 []


Underfull \hbox (badness 10000) in paragraph at lines 145--149
\OT1/cmr/m/n/12 and Prac-tice, 1996. Pro-ceed-ings. In-ter-na-tional Con-fer-en
ce
 []


Underfull \hbox (badness 10000) in paragraph at lines 145--149
\OT1/cmr/m/n/12 pp. 346--353 (1996). https://doi.org/10.1109/SEEP.1996.534020,
 []


Overfull \hbox (145.49626pt too wide) in paragraph at lines 145--149
\OT1/cmtt/m/n/12 http://epublications.bond.edu.au/cgi/viewcontent.cgi?article=1
006&context=infotech[]pubs 
 []


Underfull \hbox (badness 10000) in paragraph at lines 151--154
[]\OT1/cmr/m/n/12 Khalifelu, Z.A., Ghare-hcho-pogh, F.S.: Com-par-i-son and eva
l-
 []


Underfull \hbox (badness 10000) in paragraph at lines 151--154
\OT1/cmr/m/n/12 u-a-tion of data min-ing tech-niques with al-go-rith-mic mod-el
s in
 []


Underfull \hbox (badness 10000) in paragraph at lines 151--154
\OT1/cmr/m/n/12 soft-ware cost es-ti-ma-tion. Pro-ce-dia Tech-nol-ogy \OT1/cmr/
bx/n/12 1\OT1/cmr/m/n/12 , 65--71 (2012).
 []

[17]) [18] (./Patternrecognition.aux (./Kapitel/Deckblatt/deckblatt.aux)
(./Kapitel/Abstract/abstract.aux) (./Kapitel/Definitions/Definitions.aux)
(./Kapitel/SpeechRecognition/speechrecognition.aux)
(./Kapitel/EmotionRecognition/emotionrecognition.aux)
(./Kapitel/Resumee/conclusion.aux)
(./Kapitel/costEffortEstimation/costEffortEstimationSections.aux)) ) 
Here is how much of TeX's memory you used:
 1601 strings out of 492649
 24912 string characters out of 6129622
 90692 words of memory out of 5000000
 5417 multiletter control sequences out of 15000+600000
 8410 words of font info for 30 fonts, out of 8000000 for 9000
 1141 hyphenation exceptions out of 8191
 41i,7n,25p,1846b,331s stack positions out of 5000i,500n,10000p,200000b,80000s
</usr/local
/texlive/2018/texmf-dist/fonts/type1/public/amsfonts/cm/cmbx12.pfb></usr/local/
texlive/2018/texmf-dist/fonts/type1/public/amsfonts/cm/cmex10.pfb></usr/local/t
exlive/2018/texmf-dist/fonts/type1/public/amsfonts/cm/cmmi12.pfb></usr/local/te
xlive/2018/texmf-dist/fonts/type1/public/amsfonts/cm/cmr12.pfb></usr/local/texl
ive/2018/texmf-dist/fonts/type1/public/amsfonts/cm/cmr8.pfb></usr/local/texlive
/2018/texmf-dist/fonts/type1/public/amsfonts/cm/cmsy10.pfb></usr/local/texlive/
2018/texmf-dist/fonts/type1/public/amsfonts/cm/cmti12.pfb></usr/local/texlive/2
018/texmf-dist/fonts/type1/public/amsfonts/cm/cmtt12.pfb>
Output written on Patternrecognition.pdf (19 pages, 142412 bytes).
PDF statistics:
 100 PDF objects out of 1000 (max. 8388607)
 68 compressed objects within 1 object stream
 0 named destinations out of 1000 (max. 500000)
 11 words of extra memory for PDF output out of 10000 (max. 10000000)

